  glad.c
  Shader.cpp
c:\program1\opengl\shaderpg\project1\shader.cpp(45): warning C4244: “参数”: 从“double”转换到“GLfloat”，可能丢失数据
c:\program1\opengl\shaderpg\project1\shader.cpp(80): warning C4244: “初始化”: 从“std::streamoff”转换到“long”，可能丢失数据
  camera_light_test.cpp
c:\program1\opengl\shaderpg\project1\camera.h(56): warning C4305: “初始化”: 从“double”到“float”截断
c:\program1\opengl\shaderpg\project1\camera_light_test.cpp(14): warning C4305: “参数”: 从“double”到“float”截断
c:\program1\opengl\shaderpg\project1\camera_light_test.cpp(22): warning C4244: “参数”: 从“double”转换到“float”，可能丢失数据
c:\program1\opengl\shaderpg\project1\camera_light_test.cpp(27): warning C4244: “参数”: 从“double”转换到“float”，可能丢失数据
c:\program1\opengl\shaderpg\project1\camera_light_test.cpp(36): warning C4305: “参数”: 从“double”到“float”截断
c:\program1\opengl\shaderpg\project1\camera_light_test.cpp(40): warning C4305: “参数”: 从“double”到“float”截断
c:\program1\opengl\shaderpg\project1\camera_light_test.cpp(44): warning C4305: “参数”: 从“double”到“float”截断
c:\program1\opengl\shaderpg\project1\camera_light_test.cpp(48): warning C4305: “参数”: 从“double”到“float”截断
  Camera.cpp
c:\program1\opengl\shaderpg\project1\camera.h(56): warning C4305: “初始化”: 从“double”到“float”截断
  正在生成代码...
glfw3.lib(context.obj) : warning LNK4099: 未找到 PDB“glfw.pdb”(使用“glfw3.lib(context.obj)”或在“C:\program1\opengl\ShaderPG\Debug\glfw.pdb”中寻找)；正在链接对象，如同没有调试信息一样
glfw3.lib(init.obj) : warning LNK4099: 未找到 PDB“glfw.pdb”(使用“glfw3.lib(init.obj)”或在“C:\program1\opengl\ShaderPG\Debug\glfw.pdb”中寻找)；正在链接对象，如同没有调试信息一样
glfw3.lib(input.obj) : warning LNK4099: 未找到 PDB“glfw.pdb”(使用“glfw3.lib(input.obj)”或在“C:\program1\opengl\ShaderPG\Debug\glfw.pdb”中寻找)；正在链接对象，如同没有调试信息一样
glfw3.lib(monitor.obj) : warning LNK4099: 未找到 PDB“glfw.pdb”(使用“glfw3.lib(monitor.obj)”或在“C:\program1\opengl\ShaderPG\Debug\glfw.pdb”中寻找)；正在链接对象，如同没有调试信息一样
glfw3.lib(vulkan.obj) : warning LNK4099: 未找到 PDB“glfw.pdb”(使用“glfw3.lib(vulkan.obj)”或在“C:\program1\opengl\ShaderPG\Debug\glfw.pdb”中寻找)；正在链接对象，如同没有调试信息一样
glfw3.lib(window.obj) : warning LNK4099: 未找到 PDB“glfw.pdb”(使用“glfw3.lib(window.obj)”或在“C:\program1\opengl\ShaderPG\Debug\glfw.pdb”中寻找)；正在链接对象，如同没有调试信息一样
glfw3.lib(win32_init.obj) : warning LNK4099: 未找到 PDB“glfw.pdb”(使用“glfw3.lib(win32_init.obj)”或在“C:\program1\opengl\ShaderPG\Debug\glfw.pdb”中寻找)；正在链接对象，如同没有调试信息一样
glfw3.lib(win32_joystick.obj) : warning LNK4099: 未找到 PDB“glfw.pdb”(使用“glfw3.lib(win32_joystick.obj)”或在“C:\program1\opengl\ShaderPG\Debug\glfw.pdb”中寻找)；正在链接对象，如同没有调试信息一样
glfw3.lib(win32_monitor.obj) : warning LNK4099: 未找到 PDB“glfw.pdb”(使用“glfw3.lib(win32_monitor.obj)”或在“C:\program1\opengl\ShaderPG\Debug\glfw.pdb”中寻找)；正在链接对象，如同没有调试信息一样
glfw3.lib(win32_time.obj) : warning LNK4099: 未找到 PDB“glfw.pdb”(使用“glfw3.lib(win32_time.obj)”或在“C:\program1\opengl\ShaderPG\Debug\glfw.pdb”中寻找)；正在链接对象，如同没有调试信息一样
glfw3.lib(win32_tls.obj) : warning LNK4099: 未找到 PDB“glfw.pdb”(使用“glfw3.lib(win32_tls.obj)”或在“C:\program1\opengl\ShaderPG\Debug\glfw.pdb”中寻找)；正在链接对象，如同没有调试信息一样
glfw3.lib(win32_window.obj) : warning LNK4099: 未找到 PDB“glfw.pdb”(使用“glfw3.lib(win32_window.obj)”或在“C:\program1\opengl\ShaderPG\Debug\glfw.pdb”中寻找)；正在链接对象，如同没有调试信息一样
glfw3.lib(wgl_context.obj) : warning LNK4099: 未找到 PDB“glfw.pdb”(使用“glfw3.lib(wgl_context.obj)”或在“C:\program1\opengl\ShaderPG\Debug\glfw.pdb”中寻找)；正在链接对象，如同没有调试信息一样
glfw3.lib(egl_context.obj) : warning LNK4099: 未找到 PDB“glfw.pdb”(使用“glfw3.lib(egl_context.obj)”或在“C:\program1\opengl\ShaderPG\Debug\glfw.pdb”中寻找)；正在链接对象，如同没有调试信息一样
  Project1.vcxproj -> C:\program1\opengl\ShaderPG\Debug\Project1.exe
